<?xml version="1.0" encoding="UTF-8"?>
<!-- Generated by org.testng.reporters.JUnitReportReporter -->
<testsuite hostname="Believer-HJ007" failures="0" tests="3" name="testScripts.PlaceOrderTest" time="6.554" errors="0" timestamp="2023-03-02T12:33:14 IST" skipped="0">
  <testcase classname="testScripts.PlaceOrderTest" name="searchItemTest" time="6.063"/>
  <system-out/>
  <testcase classname="testScripts.PlaceOrderTest" name="addItemToCart" time="0.398"/>
  <system-out/>
  <testcase classname="testScripts.PlaceOrderTest" name="checkout" time="0.093"/>
  <system-out/>
</testsuite> <!-- testScripts.PlaceOrderTest -->
